[INFO] [2021-10-25 15:03:44][org.springframework.beans.factory.xml.XmlBeanDefinitionReader]Loading XML bean definitions from class path resource [spring-mybatis.xml]
[INFO] [2021-10-25 15:03:44][org.springframework.context.support.GenericApplicationContext]Refreshing org.springframework.context.support.GenericApplicationContext@61dc03ce: startup date [Mon Oct 25 15:03:44 CST 2021]; root of context hierarchy
[INFO] [2021-10-25 15:03:44][org.springframework.beans.factory.config.PropertyPlaceholderConfigurer]Loading properties file from class path resource [jdbc.properties]
[INFO] [2021-10-25 15:03:44][org.springframework.beans.factory.annotation.AutowiredAnnotationBeanPostProcessor]JSR-330 'javax.inject.Inject' annotation found and supported for autowiring
[INFO] [2021-10-25 15:03:45][com.timmy.websocket.WSServer]Á´ØÂè£7788
[INFO] [2021-10-25 15:03:45][org.springframework.context.support.GenericApplicationContext]Closing org.springframework.context.support.GenericApplicationContext@61dc03ce: startup date [Mon Oct 25 15:03:44 CST 2021]; root of context hierarchy
[INFO] [2021-10-25 15:05:28][org.springframework.beans.factory.xml.XmlBeanDefinitionReader]Loading XML bean definitions from class path resource [spring-mybatis.xml]
[INFO] [2021-10-25 15:05:28][org.springframework.context.support.GenericApplicationContext]Refreshing org.springframework.context.support.GenericApplicationContext@61dc03ce: startup date [Mon Oct 25 15:05:28 CST 2021]; root of context hierarchy
[INFO] [2021-10-25 15:05:28][org.springframework.beans.factory.config.PropertyPlaceholderConfigurer]Loading properties file from class path resource [jdbc.properties]
[INFO] [2021-10-25 15:05:28][org.springframework.beans.factory.annotation.AutowiredAnnotationBeanPostProcessor]JSR-330 'javax.inject.Inject' annotation found and supported for autowiring
[INFO] [2021-10-25 15:05:29][com.timmy.websocket.WSServer]Á´ØÂè£7788
[INFO] [2021-10-25 15:05:29][org.springframework.context.support.GenericApplicationContext]Closing org.springframework.context.support.GenericApplicationContext@61dc03ce: startup date [Mon Oct 25 15:05:28 CST 2021]; root of context hierarchy
[INFO] [2021-10-25 15:07:09][org.springframework.beans.factory.xml.XmlBeanDefinitionReader]Loading XML bean definitions from class path resource [spring-mybatis.xml]
[INFO] [2021-10-25 15:07:10][org.springframework.context.support.GenericApplicationContext]Refreshing org.springframework.context.support.GenericApplicationContext@61dc03ce: startup date [Mon Oct 25 15:07:10 CST 2021]; root of context hierarchy
[INFO] [2021-10-25 15:07:10][org.springframework.beans.factory.config.PropertyPlaceholderConfigurer]Loading properties file from class path resource [jdbc.properties]
[INFO] [2021-10-25 15:07:10][org.springframework.beans.factory.annotation.AutowiredAnnotationBeanPostProcessor]JSR-330 'javax.inject.Inject' annotation found and supported for autowiring
[INFO] [2021-10-25 15:07:10][com.timmy.websocket.WSServer]Á´ØÂè£7788
[INFO] [2021-10-25 15:07:11][org.springframework.context.support.GenericApplicationContext]Closing org.springframework.context.support.GenericApplicationContext@61dc03ce: startup date [Mon Oct 25 15:07:10 CST 2021]; root of context hierarchy
[INFO] [2021-10-25 15:08:39][org.springframework.beans.factory.xml.XmlBeanDefinitionReader]Loading XML bean definitions from class path resource [spring-mybatis.xml]
[INFO] [2021-10-25 15:08:39][org.springframework.context.support.GenericApplicationContext]Refreshing org.springframework.context.support.GenericApplicationContext@61dc03ce: startup date [Mon Oct 25 15:08:39 CST 2021]; root of context hierarchy
[INFO] [2021-10-25 15:08:39][org.springframework.beans.factory.config.PropertyPlaceholderConfigurer]Loading properties file from class path resource [jdbc.properties]
[INFO] [2021-10-25 15:08:39][org.springframework.beans.factory.annotation.AutowiredAnnotationBeanPostProcessor]JSR-330 'javax.inject.Inject' annotation found and supported for autowiring
[INFO] [2021-10-25 15:08:40][com.timmy.websocket.WSServer]Á´ØÂè£7788
[INFO] [2021-10-25 15:08:40][org.springframework.context.support.GenericApplicationContext]Closing org.springframework.context.support.GenericApplicationContext@61dc03ce: startup date [Mon Oct 25 15:08:39 CST 2021]; root of context hierarchy
[INFO] [2021-10-25 15:09:26][org.springframework.beans.factory.xml.XmlBeanDefinitionReader]Loading XML bean definitions from class path resource [spring-mybatis.xml]
[INFO] [2021-10-25 15:09:27][org.springframework.context.support.GenericApplicationContext]Refreshing org.springframework.context.support.GenericApplicationContext@61dc03ce: startup date [Mon Oct 25 15:09:27 CST 2021]; root of context hierarchy
[INFO] [2021-10-25 15:09:27][org.springframework.beans.factory.config.PropertyPlaceholderConfigurer]Loading properties file from class path resource [jdbc.properties]
[INFO] [2021-10-25 15:09:27][org.springframework.beans.factory.annotation.AutowiredAnnotationBeanPostProcessor]JSR-330 'javax.inject.Inject' annotation found and supported for autowiring
[INFO] [2021-10-25 15:09:28][com.timmy.websocket.WSServer]Á´ØÂè£7788
[INFO] [2021-10-25 15:09:28][org.springframework.context.support.GenericApplicationContext]Closing org.springframework.context.support.GenericApplicationContext@61dc03ce: startup date [Mon Oct 25 15:09:27 CST 2021]; root of context hierarchy
[INFO] [2021-10-25 15:10:20][org.springframework.beans.factory.xml.XmlBeanDefinitionReader]Loading XML bean definitions from class path resource [spring-mybatis.xml]
[INFO] [2021-10-25 15:10:21][org.springframework.context.support.GenericApplicationContext]Refreshing org.springframework.context.support.GenericApplicationContext@61dc03ce: startup date [Mon Oct 25 15:10:21 CST 2021]; root of context hierarchy
[INFO] [2021-10-25 15:10:21][org.springframework.beans.factory.config.PropertyPlaceholderConfigurer]Loading properties file from class path resource [jdbc.properties]
[INFO] [2021-10-25 15:10:21][org.springframework.beans.factory.annotation.AutowiredAnnotationBeanPostProcessor]JSR-330 'javax.inject.Inject' annotation found and supported for autowiring
[INFO] [2021-10-25 15:10:22][com.timmy.websocket.WSServer]Á´ØÂè£7788
[INFO] [2021-10-25 15:10:22][org.springframework.context.support.GenericApplicationContext]Closing org.springframework.context.support.GenericApplicationContext@61dc03ce: startup date [Mon Oct 25 15:10:21 CST 2021]; root of context hierarchy
[INFO] [2021-10-25 15:12:59][org.springframework.beans.factory.xml.XmlBeanDefinitionReader]Loading XML bean definitions from class path resource [spring-mybatis.xml]
[INFO] [2021-10-25 15:12:59][org.springframework.context.support.GenericApplicationContext]Refreshing org.springframework.context.support.GenericApplicationContext@61dc03ce: startup date [Mon Oct 25 15:12:59 CST 2021]; root of context hierarchy
[INFO] [2021-10-25 15:12:59][org.springframework.beans.factory.config.PropertyPlaceholderConfigurer]Loading properties file from class path resource [jdbc.properties]
[INFO] [2021-10-25 15:12:59][org.springframework.beans.factory.annotation.AutowiredAnnotationBeanPostProcessor]JSR-330 'javax.inject.Inject' annotation found and supported for autowiring
[INFO] [2021-10-25 15:13:00][com.timmy.websocket.WSServer]Á´ØÂè£7788
[INFO] [2021-10-25 15:13:01][org.springframework.context.support.GenericApplicationContext]Closing org.springframework.context.support.GenericApplicationContext@61dc03ce: startup date [Mon Oct 25 15:12:59 CST 2021]; root of context hierarchy
[INFO] [2021-10-25 15:15:10][org.springframework.beans.factory.xml.XmlBeanDefinitionReader]Loading XML bean definitions from class path resource [spring-mybatis.xml]
[INFO] [2021-10-25 15:15:11][org.springframework.context.support.GenericApplicationContext]Refreshing org.springframework.context.support.GenericApplicationContext@61dc03ce: startup date [Mon Oct 25 15:15:11 CST 2021]; root of context hierarchy
[INFO] [2021-10-25 15:15:11][org.springframework.beans.factory.config.PropertyPlaceholderConfigurer]Loading properties file from class path resource [jdbc.properties]
[INFO] [2021-10-25 15:15:11][org.springframework.beans.factory.annotation.AutowiredAnnotationBeanPostProcessor]JSR-330 'javax.inject.Inject' annotation found and supported for autowiring
[INFO] [2021-10-25 15:15:12][com.timmy.websocket.WSServer]Á´ØÂè£7788
[INFO] [2021-10-25 15:15:13][org.springframework.context.support.GenericApplicationContext]Closing org.springframework.context.support.GenericApplicationContext@61dc03ce: startup date [Mon Oct 25 15:15:11 CST 2021]; root of context hierarchy
[INFO] [2021-10-25 15:17:19][org.springframework.beans.factory.xml.XmlBeanDefinitionReader]Loading XML bean definitions from class path resource [spring-mybatis.xml]
[INFO] [2021-10-25 15:17:20][org.springframework.context.support.GenericApplicationContext]Refreshing org.springframework.context.support.GenericApplicationContext@61dc03ce: startup date [Mon Oct 25 15:17:20 CST 2021]; root of context hierarchy
[INFO] [2021-10-25 15:17:20][org.springframework.beans.factory.config.PropertyPlaceholderConfigurer]Loading properties file from class path resource [jdbc.properties]
[INFO] [2021-10-25 15:17:20][org.springframework.beans.factory.annotation.AutowiredAnnotationBeanPostProcessor]JSR-330 'javax.inject.Inject' annotation found and supported for autowiring
[INFO] [2021-10-25 15:17:20][com.timmy.websocket.WSServer]Á´ØÂè£7788
[INFO] [2021-10-25 15:17:46][org.springframework.context.support.GenericApplicationContext]Closing org.springframework.context.support.GenericApplicationContext@61dc03ce: startup date [Mon Oct 25 15:17:20 CST 2021]; root of context hierarchy
[INFO] [2024-07-26 00:13:42][org.springframework.beans.factory.xml.XmlBeanDefinitionReader]Loading XML bean definitions from class path resource [spring-mybatis.xml]
[INFO] [2024-07-26 00:13:42][org.springframework.context.support.GenericApplicationContext]Refreshing org.springframework.context.support.GenericApplicationContext@5702b3b1: startup date [Fri Jul 26 00:13:42 BRT 2024]; root of context hierarchy
[INFO] [2024-07-26 00:13:42][org.springframework.beans.factory.config.PropertyPlaceholderConfigurer]Loading properties file from class path resource [jdbc.properties]
[INFO] [2024-07-26 00:13:42][org.springframework.beans.factory.annotation.AutowiredAnnotationBeanPostProcessor]JSR-330 'javax.inject.Inject' annotation found and supported for autowiring
[INFO] [2024-07-26 00:13:42][com.timmy.websocket.WSServer]Á´ØÂè£7788
[INFO] [2024-07-26 00:13:43][org.springframework.context.support.GenericApplicationContext]Closing org.springframework.context.support.GenericApplicationContext@5702b3b1: startup date [Fri Jul 26 00:13:42 BRT 2024]; root of context hierarchy
[INFO] [2024-07-26 00:32:02][org.springframework.beans.factory.xml.XmlBeanDefinitionReader]Loading XML bean definitions from class path resource [spring-mybatis.xml]
[INFO] [2024-07-26 00:32:03][org.springframework.context.support.GenericApplicationContext]Refreshing org.springframework.context.support.GenericApplicationContext@5702b3b1: startup date [Fri Jul 26 00:32:03 BRT 2024]; root of context hierarchy
[INFO] [2024-07-26 00:32:03][org.springframework.beans.factory.config.PropertyPlaceholderConfigurer]Loading properties file from class path resource [jdbc.properties]
[INFO] [2024-07-26 00:32:03][org.springframework.beans.factory.annotation.AutowiredAnnotationBeanPostProcessor]JSR-330 'javax.inject.Inject' annotation found and supported for autowiring
[INFO] [2024-07-26 00:32:03][com.timmy.websocket.WSServer]Á´ØÂè£7788
[INFO] [2024-07-26 00:32:03][org.springframework.context.support.GenericApplicationContext]Closing org.springframework.context.support.GenericApplicationContext@5702b3b1: startup date [Fri Jul 26 00:32:03 BRT 2024]; root of context hierarchy
[INFO] [2024-07-26 02:29:26][org.springframework.test.context.support.DefaultTestContextBootstrapper]Loaded default TestExecutionListener class names from location [META-INF/spring.factories]: [org.springframework.test.context.web.ServletTestExecutionListener, org.springframework.test.context.support.DirtiesContextBeforeModesTestExecutionListener, org.springframework.test.context.support.DependencyInjectionTestExecutionListener, org.springframework.test.context.support.DirtiesContextTestExecutionListener, org.springframework.test.context.transaction.TransactionalTestExecutionListener, org.springframework.test.context.jdbc.SqlScriptsTestExecutionListener]
[INFO] [2024-07-26 02:29:26][org.springframework.test.context.support.DefaultTestContextBootstrapper]Using TestExecutionListeners: [org.springframework.test.context.web.ServletTestExecutionListener@3b084709, org.springframework.test.context.support.DirtiesContextBeforeModesTestExecutionListener@3224f60b, org.springframework.test.context.support.DependencyInjectionTestExecutionListener@63e2203c, org.springframework.test.context.support.DirtiesContextTestExecutionListener@1efed156, org.springframework.test.context.transaction.TransactionalTestExecutionListener@6737fd8f, org.springframework.test.context.jdbc.SqlScriptsTestExecutionListener@72b6cbcc]
[INFO] [2024-07-26 02:29:26][org.springframework.beans.factory.xml.XmlBeanDefinitionReader]Loading XML bean definitions from class path resource [spring-mybatis.xml]
[INFO] [2024-07-26 02:29:26][org.springframework.context.support.GenericApplicationContext]Refreshing org.springframework.context.support.GenericApplicationContext@3cb1ffe6: startup date [Fri Jul 26 02:29:26 BRT 2024]; root of context hierarchy
[INFO] [2024-07-26 02:29:26][org.springframework.beans.factory.annotation.AutowiredAnnotationBeanPostProcessor]JSR-330 'javax.inject.Inject' annotation found and supported for autowiring
[INFO] [2024-07-26 02:29:26][com.timmy.websocket.WSServer]Á´ØÂè£7788
[INFO] [2024-07-26 02:29:27][org.springframework.context.support.GenericApplicationContext]Closing org.springframework.context.support.GenericApplicationContext@3cb1ffe6: startup date [Fri Jul 26 02:29:26 BRT 2024]; root of context hierarchy
[INFO] [2024-07-26 02:30:30][org.springframework.test.context.support.DefaultTestContextBootstrapper]Loaded default TestExecutionListener class names from location [META-INF/spring.factories]: [org.springframework.test.context.web.ServletTestExecutionListener, org.springframework.test.context.support.DirtiesContextBeforeModesTestExecutionListener, org.springframework.test.context.support.DependencyInjectionTestExecutionListener, org.springframework.test.context.support.DirtiesContextTestExecutionListener, org.springframework.test.context.transaction.TransactionalTestExecutionListener, org.springframework.test.context.jdbc.SqlScriptsTestExecutionListener]
[INFO] [2024-07-26 02:30:30][org.springframework.test.context.support.DefaultTestContextBootstrapper]Using TestExecutionListeners: [org.springframework.test.context.web.ServletTestExecutionListener@3b084709, org.springframework.test.context.support.DirtiesContextBeforeModesTestExecutionListener@3224f60b, org.springframework.test.context.support.DependencyInjectionTestExecutionListener@63e2203c, org.springframework.test.context.support.DirtiesContextTestExecutionListener@1efed156, org.springframework.test.context.transaction.TransactionalTestExecutionListener@6737fd8f, org.springframework.test.context.jdbc.SqlScriptsTestExecutionListener@72b6cbcc]
[INFO] [2024-07-26 02:30:30][org.springframework.beans.factory.xml.XmlBeanDefinitionReader]Loading XML bean definitions from class path resource [spring-mybatis.xml]
[INFO] [2024-07-26 02:30:30][org.springframework.context.support.GenericApplicationContext]Refreshing org.springframework.context.support.GenericApplicationContext@3cb1ffe6: startup date [Fri Jul 26 02:30:30 BRT 2024]; root of context hierarchy
[INFO] [2024-07-26 02:30:30][org.springframework.beans.factory.annotation.AutowiredAnnotationBeanPostProcessor]JSR-330 'javax.inject.Inject' annotation found and supported for autowiring
[INFO] [2024-07-26 02:30:30][com.timmy.websocket.WSServer]Á´ØÂè£7788
[INFO] [2024-07-26 02:30:30][org.springframework.context.support.GenericApplicationContext]Closing org.springframework.context.support.GenericApplicationContext@3cb1ffe6: startup date [Fri Jul 26 02:30:30 BRT 2024]; root of context hierarchy
[INFO] [2024-07-26 02:32:01][org.springframework.test.context.support.DefaultTestContextBootstrapper]Loaded default TestExecutionListener class names from location [META-INF/spring.factories]: [org.springframework.test.context.web.ServletTestExecutionListener, org.springframework.test.context.support.DirtiesContextBeforeModesTestExecutionListener, org.springframework.test.context.support.DependencyInjectionTestExecutionListener, org.springframework.test.context.support.DirtiesContextTestExecutionListener, org.springframework.test.context.transaction.TransactionalTestExecutionListener, org.springframework.test.context.jdbc.SqlScriptsTestExecutionListener]
[INFO] [2024-07-26 02:32:01][org.springframework.test.context.support.DefaultTestContextBootstrapper]Using TestExecutionListeners: [org.springframework.test.context.web.ServletTestExecutionListener@3b084709, org.springframework.test.context.support.DirtiesContextBeforeModesTestExecutionListener@3224f60b, org.springframework.test.context.support.DependencyInjectionTestExecutionListener@63e2203c, org.springframework.test.context.support.DirtiesContextTestExecutionListener@1efed156, org.springframework.test.context.transaction.TransactionalTestExecutionListener@6737fd8f, org.springframework.test.context.jdbc.SqlScriptsTestExecutionListener@72b6cbcc]
[INFO] [2024-07-26 02:32:01][org.springframework.beans.factory.xml.XmlBeanDefinitionReader]Loading XML bean definitions from class path resource [spring-mybatis.xml]
[INFO] [2024-07-26 02:32:02][org.springframework.context.support.GenericApplicationContext]Refreshing org.springframework.context.support.GenericApplicationContext@3cb1ffe6: startup date [Fri Jul 26 02:32:02 BRT 2024]; root of context hierarchy
[INFO] [2024-07-26 02:32:02][org.springframework.beans.factory.annotation.AutowiredAnnotationBeanPostProcessor]JSR-330 'javax.inject.Inject' annotation found and supported for autowiring
[INFO] [2024-07-26 02:32:02][com.timmy.websocket.WSServer]Á´ØÂè£7788
[INFO] [2024-07-26 02:32:02][org.springframework.context.support.GenericApplicationContext]Closing org.springframework.context.support.GenericApplicationContext@3cb1ffe6: startup date [Fri Jul 26 02:32:02 BRT 2024]; root of context hierarchy
[INFO] [2024-07-26 02:41:37][org.springframework.beans.factory.xml.XmlBeanDefinitionReader]Loading XML bean definitions from class path resource [spring-mybatis.xml]
[INFO] [2024-07-26 02:41:37][org.springframework.context.support.GenericApplicationContext]Refreshing org.springframework.context.support.GenericApplicationContext@210366b4: startup date [Fri Jul 26 02:41:37 BRT 2024]; root of context hierarchy
[INFO] [2024-07-26 02:41:37][org.springframework.beans.factory.config.PropertyPlaceholderConfigurer]Loading properties file from class path resource [jdbc.properties]
[INFO] [2024-07-26 02:41:37][org.springframework.beans.factory.annotation.AutowiredAnnotationBeanPostProcessor]JSR-330 'javax.inject.Inject' annotation found and supported for autowiring
[INFO] [2024-07-26 02:41:37][com.timmy.websocket.WSServer]Á´ØÂè£7788
[INFO] [2024-07-26 02:41:37][org.springframework.context.support.GenericApplicationContext]Closing org.springframework.context.support.GenericApplicationContext@210366b4: startup date [Fri Jul 26 02:41:37 BRT 2024]; root of context hierarchy
[INFO] [2024-07-26 02:50:17][org.springframework.beans.factory.xml.XmlBeanDefinitionReader]Loading XML bean definitions from class path resource [spring-mybatis.xml]
[INFO] [2024-07-26 02:50:17][org.springframework.context.support.GenericApplicationContext]Refreshing org.springframework.context.support.GenericApplicationContext@210366b4: startup date [Fri Jul 26 02:50:17 BRT 2024]; root of context hierarchy
[INFO] [2024-07-26 02:50:17][org.springframework.beans.factory.config.PropertyPlaceholderConfigurer]Loading properties file from class path resource [jdbc.properties]
[INFO] [2024-07-26 02:50:17][org.springframework.beans.factory.annotation.AutowiredAnnotationBeanPostProcessor]JSR-330 'javax.inject.Inject' annotation found and supported for autowiring
[INFO] [2024-07-26 02:50:17][com.timmy.websocket.WSServer]Á´ØÂè£7788
[INFO] [2024-07-26 02:50:18][org.springframework.context.support.GenericApplicationContext]Closing org.springframework.context.support.GenericApplicationContext@210366b4: startup date [Fri Jul 26 02:50:17 BRT 2024]; root of context hierarchy
[INFO] [2024-07-26 02:53:31][org.springframework.beans.factory.xml.XmlBeanDefinitionReader]Loading XML bean definitions from class path resource [spring-mybatis.xml]
[INFO] [2024-07-26 02:53:31][org.springframework.context.support.GenericApplicationContext]Refreshing org.springframework.context.support.GenericApplicationContext@6f45df59: startup date [Fri Jul 26 02:53:31 BRT 2024]; root of context hierarchy
[INFO] [2024-07-26 02:53:31][org.springframework.beans.factory.config.PropertyPlaceholderConfigurer]Loading properties file from class path resource [jdbc.properties]
[INFO] [2024-07-26 02:53:31][org.springframework.beans.factory.annotation.AutowiredAnnotationBeanPostProcessor]JSR-330 'javax.inject.Inject' annotation found and supported for autowiring
[INFO] [2024-07-26 02:53:31][com.timmy.websocket.WSServer]Á´ØÂè£7788
[INFO] [2024-07-26 02:53:32][org.springframework.context.support.GenericApplicationContext]Closing org.springframework.context.support.GenericApplicationContext@6f45df59: startup date [Fri Jul 26 02:53:31 BRT 2024]; root of context hierarchy
[INFO] [2024-07-26 17:35:29][org.springframework.beans.factory.xml.XmlBeanDefinitionReader]Loading XML bean definitions from class path resource [spring-mybatis.xml]
[INFO] [2024-07-26 17:35:30][org.springframework.context.support.GenericApplicationContext]Refreshing org.springframework.context.support.GenericApplicationContext@3701eaf6: startup date [Fri Jul 26 17:35:30 BRT 2024]; root of context hierarchy
[INFO] [2024-07-26 17:35:30][org.springframework.beans.factory.config.PropertyPlaceholderConfigurer]Loading properties file from class path resource [jdbc.properties]
[INFO] [2024-07-26 17:35:30][org.springframework.beans.factory.annotation.AutowiredAnnotationBeanPostProcessor]JSR-330 'javax.inject.Inject' annotation found and supported for autowiring
[INFO] [2024-07-26 17:35:31][com.timmy.websocket.WSServer]Á´ØÂ?£7788
[INFO] [2024-07-26 17:35:32][org.springframework.context.support.GenericApplicationContext]Closing org.springframework.context.support.GenericApplicationContext@3701eaf6: startup date [Fri Jul 26 17:35:30 BRT 2024]; root of context hierarchy
[INFO] [2024-07-26 20:07:44][org.springframework.beans.factory.xml.XmlBeanDefinitionReader]Loading XML bean definitions from class path resource [spring-mybatis.xml]
[INFO] [2024-07-26 20:07:45][org.springframework.context.support.GenericApplicationContext]Refreshing org.springframework.context.support.GenericApplicationContext@3701eaf6: startup date [Fri Jul 26 20:07:45 BRT 2024]; root of context hierarchy
[INFO] [2024-07-26 20:07:45][org.springframework.beans.factory.config.PropertyPlaceholderConfigurer]Loading properties file from class path resource [jdbc.properties]
[INFO] [2024-07-26 20:07:45][org.springframework.beans.factory.annotation.AutowiredAnnotationBeanPostProcessor]JSR-330 'javax.inject.Inject' annotation found and supported for autowiring
[INFO] [2024-07-26 20:07:46][com.timmy.websocket.WSServer]??7788
[INFO] [2024-07-26 20:07:47][org.springframework.context.support.GenericApplicationContext]Closing org.springframework.context.support.GenericApplicationContext@3701eaf6: startup date [Fri Jul 26 20:07:45 BRT 2024]; root of context hierarchy
